[0.086s] DEBUG:colcon:Command line arguments: ['/usr/bin/colcon', 'build']
[0.086s] DEBUG:colcon:Parsed command line arguments: Namespace(allow_overriding=[], ament_cmake_args=None, base_paths=['.'], build_base='build', catkin_cmake_args=None, catkin_skip_building_tests=False, cmake_args=None, cmake_clean_cache=False, cmake_clean_first=False, cmake_force_configure=False, cmake_target=None, cmake_target_skip_unavailable=False, continue_on_error=False, event_handlers=None, executor='parallel', ignore_user_meta=False, install_base='install', log_base=None, log_level=None, main=<bound method BuildVerb.main of <colcon_core.verb.build.BuildVerb object at 0x7efca6aa1ee0>>, merge_install=False, metas=['./colcon.meta'], mixin=None, mixin_files=None, mixin_verb=('build',), packages_above=None, packages_above_and_dependencies=None, packages_above_depth=None, packages_end=None, packages_ignore=None, packages_ignore_regex=None, packages_select=None, packages_select_build_failed=False, packages_select_by_dep=None, packages_select_regex=None, packages_select_test_failures=False, packages_skip=None, packages_skip_build_finished=False, packages_skip_by_dep=None, packages_skip_regex=None, packages_skip_test_passed=False, packages_skip_up_to=None, packages_start=None, packages_up_to=None, packages_up_to_regex=None, parallel_workers=24, paths=None, symlink_install=False, test_result_base=None, verb_extension=<colcon_core.verb.build.BuildVerb object at 0x7efca6aa1ee0>, verb_name='build', verb_parser=<colcon_mixin.mixin.mixin_argument.MixinArgumentDecorator object at 0x7efca6a79700>)
[0.143s] Level 1:colcon.colcon_core.package_discovery:discover_packages(colcon_meta) check parameters
[0.143s] Level 1:colcon.colcon_core.package_discovery:discover_packages(recursive) check parameters
[0.144s] Level 1:colcon.colcon_core.package_discovery:discover_packages(ignore) check parameters
[0.144s] Level 1:colcon.colcon_core.package_discovery:discover_packages(path) check parameters
[0.144s] Level 1:colcon.colcon_core.package_discovery:discover_packages(colcon_meta) discover
[0.144s] Level 1:colcon.colcon_core.package_discovery:discover_packages(recursive) discover
[0.144s] INFO:colcon.colcon_core.package_discovery:Crawling recursively for packages in '/home/spot/dev/ros2_ws/src/Azure_Kinect_ROS_Driver'
[0.144s] Level 1:colcon.colcon_core.package_identification:_identify(.) by extensions ['ignore', 'ignore_ament_install']
[0.144s] Level 1:colcon.colcon_core.package_identification:_identify(.) by extension 'ignore'
[0.144s] Level 1:colcon.colcon_core.package_identification:_identify(.) by extension 'ignore_ament_install'
[0.144s] Level 1:colcon.colcon_core.package_identification:_identify(.) by extensions ['colcon_pkg']
[0.144s] Level 1:colcon.colcon_core.package_identification:_identify(.) by extension 'colcon_pkg'
[0.144s] Level 1:colcon.colcon_core.package_identification:_identify(.) by extensions ['colcon_meta']
[0.144s] Level 1:colcon.colcon_core.package_identification:_identify(.) by extension 'colcon_meta'
[0.144s] Level 1:colcon.colcon_core.package_identification:_identify(.) by extensions ['ros']
[0.144s] Level 1:colcon.colcon_core.package_identification:_identify(.) by extension 'ros'
[0.150s] DEBUG:colcon.colcon_core.package_identification:Package '.' with type 'ros.ament_cmake' and name 'azure_kinect_ros_driver'
[0.150s] Level 1:colcon.colcon_core.package_discovery:discover_packages(recursive) using defaults
[0.150s] Level 1:colcon.colcon_core.package_discovery:discover_packages(ignore) discover
[0.150s] Level 1:colcon.colcon_core.package_discovery:discover_packages(ignore) using defaults
[0.150s] Level 1:colcon.colcon_core.package_discovery:discover_packages(path) discover
[0.150s] Level 1:colcon.colcon_core.package_discovery:discover_packages(path) using defaults
[0.158s] Level 1:colcon.colcon_core.package_discovery:discover_packages(prefix_path) check parameters
[0.158s] Level 1:colcon.colcon_core.package_discovery:discover_packages(prefix_path) discover
[0.159s] DEBUG:colcon.colcon_installed_package_information.package_discovery:Found 3 installed packages in /home/spot/dev/ros2_ws/install
[0.159s] DEBUG:colcon.colcon_installed_package_information.package_discovery:Found 263 installed packages in /opt/ros/foxy
[0.160s] Level 1:colcon.colcon_core.package_discovery:discover_packages(prefix_path) using defaults
[0.186s] Level 5:colcon.colcon_core.verb:set package 'azure_kinect_ros_driver' build argument 'cmake_args' from command line to 'None'
[0.186s] Level 5:colcon.colcon_core.verb:set package 'azure_kinect_ros_driver' build argument 'cmake_target' from command line to 'None'
[0.186s] Level 5:colcon.colcon_core.verb:set package 'azure_kinect_ros_driver' build argument 'cmake_target_skip_unavailable' from command line to 'False'
[0.186s] Level 5:colcon.colcon_core.verb:set package 'azure_kinect_ros_driver' build argument 'cmake_clean_cache' from command line to 'False'
[0.186s] Level 5:colcon.colcon_core.verb:set package 'azure_kinect_ros_driver' build argument 'cmake_clean_first' from command line to 'False'
[0.186s] Level 5:colcon.colcon_core.verb:set package 'azure_kinect_ros_driver' build argument 'cmake_force_configure' from command line to 'False'
[0.186s] Level 5:colcon.colcon_core.verb:set package 'azure_kinect_ros_driver' build argument 'ament_cmake_args' from command line to 'None'
[0.186s] Level 5:colcon.colcon_core.verb:set package 'azure_kinect_ros_driver' build argument 'catkin_cmake_args' from command line to 'None'
[0.186s] Level 5:colcon.colcon_core.verb:set package 'azure_kinect_ros_driver' build argument 'catkin_skip_building_tests' from command line to 'False'
[0.186s] DEBUG:colcon.colcon_core.verb:Building package 'azure_kinect_ros_driver' with the following arguments: {'ament_cmake_args': None, 'build_base': '/home/spot/dev/ros2_ws/src/Azure_Kinect_ROS_Driver/build/azure_kinect_ros_driver', 'catkin_cmake_args': None, 'catkin_skip_building_tests': False, 'cmake_args': None, 'cmake_clean_cache': False, 'cmake_clean_first': False, 'cmake_force_configure': False, 'cmake_target': None, 'cmake_target_skip_unavailable': False, 'install_base': '/home/spot/dev/ros2_ws/src/Azure_Kinect_ROS_Driver/install/azure_kinect_ros_driver', 'merge_install': False, 'path': '/home/spot/dev/ros2_ws/src/Azure_Kinect_ROS_Driver', 'symlink_install': False, 'test_result_base': None}
[0.186s] INFO:colcon.colcon_core.executor:Executing jobs using 'parallel' executor
[0.187s] DEBUG:colcon.colcon_parallel_executor.executor.parallel:run_until_complete
[0.187s] INFO:colcon.colcon_ros.task.ament_cmake.build:Building ROS package in '/home/spot/dev/ros2_ws/src/Azure_Kinect_ROS_Driver' with build type 'ament_cmake'
[0.187s] INFO:colcon.colcon_cmake.task.cmake.build:Building CMake package in '/home/spot/dev/ros2_ws/src/Azure_Kinect_ROS_Driver'
[0.188s] INFO:colcon.colcon_core.plugin_system:Skipping extension 'colcon_core.shell.bat': Not used on non-Windows systems
[0.188s] INFO:colcon.colcon_core.shell:Skip shell extension 'powershell' for command environment: Not usable outside of PowerShell
[0.188s] DEBUG:colcon.colcon_core.shell:Skip shell extension 'dsv' for command environment
[0.193s] DEBUG:colcon.colcon_core.event_handler.log_command:Invoking command in '/home/spot/dev/ros2_ws/src/Azure_Kinect_ROS_Driver/build/azure_kinect_ros_driver': CMAKE_PREFIX_PATH=${CMAKE_PREFIX_PATH}:/opt/ros/foxy /usr/bin/cmake /home/spot/dev/ros2_ws/src/Azure_Kinect_ROS_Driver -DCMAKE_INSTALL_PREFIX=/home/spot/dev/ros2_ws/src/Azure_Kinect_ROS_Driver/install/azure_kinect_ros_driver
[1.452s] DEBUG:colcon.colcon_core.event_handler.log_command:Invoked command in '/home/spot/dev/ros2_ws/src/Azure_Kinect_ROS_Driver/build/azure_kinect_ros_driver' returned '0': CMAKE_PREFIX_PATH=${CMAKE_PREFIX_PATH}:/opt/ros/foxy /usr/bin/cmake /home/spot/dev/ros2_ws/src/Azure_Kinect_ROS_Driver -DCMAKE_INSTALL_PREFIX=/home/spot/dev/ros2_ws/src/Azure_Kinect_ROS_Driver/install/azure_kinect_ros_driver
[1.454s] DEBUG:colcon.colcon_core.event_handler.log_command:Invoking command in '/home/spot/dev/ros2_ws/src/Azure_Kinect_ROS_Driver/build/azure_kinect_ros_driver': CMAKE_PREFIX_PATH=${CMAKE_PREFIX_PATH}:/opt/ros/foxy /usr/bin/cmake --build /home/spot/dev/ros2_ws/src/Azure_Kinect_ROS_Driver/build/azure_kinect_ros_driver -- -j24 -l24
[4.674s] DEBUG:colcon.colcon_core.event_handler.log_command:Invoked command in '/home/spot/dev/ros2_ws/src/Azure_Kinect_ROS_Driver/build/azure_kinect_ros_driver' returned '0': CMAKE_PREFIX_PATH=${CMAKE_PREFIX_PATH}:/opt/ros/foxy /usr/bin/cmake --build /home/spot/dev/ros2_ws/src/Azure_Kinect_ROS_Driver/build/azure_kinect_ros_driver -- -j24 -l24
[4.695s] DEBUG:colcon.colcon_core.event_handler.log_command:Invoking command in '/home/spot/dev/ros2_ws/src/Azure_Kinect_ROS_Driver/build/azure_kinect_ros_driver': CMAKE_PREFIX_PATH=${CMAKE_PREFIX_PATH}:/opt/ros/foxy /usr/bin/cmake --install /home/spot/dev/ros2_ws/src/Azure_Kinect_ROS_Driver/build/azure_kinect_ros_driver
[4.702s] Level 1:colcon.colcon_core.environment:create_environment_scripts_only(azure_kinect_ros_driver)
[4.703s] DEBUG:colcon.colcon_core.event_handler.log_command:Invoked command in '/home/spot/dev/ros2_ws/src/Azure_Kinect_ROS_Driver/build/azure_kinect_ros_driver' returned '0': CMAKE_PREFIX_PATH=${CMAKE_PREFIX_PATH}:/opt/ros/foxy /usr/bin/cmake --install /home/spot/dev/ros2_ws/src/Azure_Kinect_ROS_Driver/build/azure_kinect_ros_driver
[4.705s] Level 1:colcon.colcon_core.environment:checking '/home/spot/dev/ros2_ws/src/Azure_Kinect_ROS_Driver/install/azure_kinect_ros_driver' for CMake module files
[4.705s] Level 1:colcon.colcon_core.environment:checking '/home/spot/dev/ros2_ws/src/Azure_Kinect_ROS_Driver/install/azure_kinect_ros_driver' for CMake config files
[4.705s] Level 1:colcon.colcon_core.shell:create_environment_hook('azure_kinect_ros_driver', 'cmake_prefix_path')
[4.706s] INFO:colcon.colcon_core.shell:Creating environment hook '/home/spot/dev/ros2_ws/src/Azure_Kinect_ROS_Driver/install/azure_kinect_ros_driver/share/azure_kinect_ros_driver/hook/cmake_prefix_path.ps1'
[4.706s] INFO:colcon.colcon_core.shell:Creating environment descriptor '/home/spot/dev/ros2_ws/src/Azure_Kinect_ROS_Driver/install/azure_kinect_ros_driver/share/azure_kinect_ros_driver/hook/cmake_prefix_path.dsv'
[4.707s] INFO:colcon.colcon_core.shell:Creating environment hook '/home/spot/dev/ros2_ws/src/Azure_Kinect_ROS_Driver/install/azure_kinect_ros_driver/share/azure_kinect_ros_driver/hook/cmake_prefix_path.sh'
[4.708s] Level 1:colcon.colcon_core.environment:checking '/home/spot/dev/ros2_ws/src/Azure_Kinect_ROS_Driver/install/azure_kinect_ros_driver/lib'
[4.708s] Level 1:colcon.colcon_core.environment:checking '/home/spot/dev/ros2_ws/src/Azure_Kinect_ROS_Driver/install/azure_kinect_ros_driver/bin'
[4.708s] Level 1:colcon.colcon_core.environment:checking '/home/spot/dev/ros2_ws/src/Azure_Kinect_ROS_Driver/install/azure_kinect_ros_driver/lib/pkgconfig/azure_kinect_ros_driver.pc'
[4.709s] Level 1:colcon.colcon_core.environment:checking '/home/spot/dev/ros2_ws/src/Azure_Kinect_ROS_Driver/install/azure_kinect_ros_driver/lib/python3.8/site-packages'
[4.709s] Level 1:colcon.colcon_core.environment:checking '/home/spot/dev/ros2_ws/src/Azure_Kinect_ROS_Driver/install/azure_kinect_ros_driver/bin'
[4.710s] INFO:colcon.colcon_core.shell:Creating package script '/home/spot/dev/ros2_ws/src/Azure_Kinect_ROS_Driver/install/azure_kinect_ros_driver/share/azure_kinect_ros_driver/package.ps1'
[4.711s] INFO:colcon.colcon_core.shell:Creating package descriptor '/home/spot/dev/ros2_ws/src/Azure_Kinect_ROS_Driver/install/azure_kinect_ros_driver/share/azure_kinect_ros_driver/package.dsv'
[4.712s] INFO:colcon.colcon_core.shell:Creating package script '/home/spot/dev/ros2_ws/src/Azure_Kinect_ROS_Driver/install/azure_kinect_ros_driver/share/azure_kinect_ros_driver/package.sh'
[4.712s] INFO:colcon.colcon_core.shell:Creating package script '/home/spot/dev/ros2_ws/src/Azure_Kinect_ROS_Driver/install/azure_kinect_ros_driver/share/azure_kinect_ros_driver/package.bash'
[4.713s] INFO:colcon.colcon_core.shell:Creating package script '/home/spot/dev/ros2_ws/src/Azure_Kinect_ROS_Driver/install/azure_kinect_ros_driver/share/azure_kinect_ros_driver/package.zsh'
[4.714s] Level 1:colcon.colcon_core.environment:create_file_with_runtime_dependencies(/home/spot/dev/ros2_ws/src/Azure_Kinect_ROS_Driver/install/azure_kinect_ros_driver/share/colcon-core/packages/azure_kinect_ros_driver)
[4.740s] Level 1:colcon.colcon_core.environment:create_environment_scripts_only(azure_kinect_ros_driver)
[4.740s] Level 1:colcon.colcon_core.environment:checking '/home/spot/dev/ros2_ws/src/Azure_Kinect_ROS_Driver/install/azure_kinect_ros_driver' for CMake module files
[4.740s] Level 1:colcon.colcon_core.environment:checking '/home/spot/dev/ros2_ws/src/Azure_Kinect_ROS_Driver/install/azure_kinect_ros_driver' for CMake config files
[4.740s] Level 1:colcon.colcon_core.shell:create_environment_hook('azure_kinect_ros_driver', 'cmake_prefix_path')
[4.740s] INFO:colcon.colcon_core.shell:Creating environment hook '/home/spot/dev/ros2_ws/src/Azure_Kinect_ROS_Driver/install/azure_kinect_ros_driver/share/azure_kinect_ros_driver/hook/cmake_prefix_path.ps1'
[4.741s] INFO:colcon.colcon_core.shell:Creating environment descriptor '/home/spot/dev/ros2_ws/src/Azure_Kinect_ROS_Driver/install/azure_kinect_ros_driver/share/azure_kinect_ros_driver/hook/cmake_prefix_path.dsv'
[4.741s] INFO:colcon.colcon_core.shell:Creating environment hook '/home/spot/dev/ros2_ws/src/Azure_Kinect_ROS_Driver/install/azure_kinect_ros_driver/share/azure_kinect_ros_driver/hook/cmake_prefix_path.sh'
[4.742s] Level 1:colcon.colcon_core.environment:checking '/home/spot/dev/ros2_ws/src/Azure_Kinect_ROS_Driver/install/azure_kinect_ros_driver/lib'
[4.742s] Level 1:colcon.colcon_core.environment:checking '/home/spot/dev/ros2_ws/src/Azure_Kinect_ROS_Driver/install/azure_kinect_ros_driver/bin'
[4.742s] Level 1:colcon.colcon_core.environment:checking '/home/spot/dev/ros2_ws/src/Azure_Kinect_ROS_Driver/install/azure_kinect_ros_driver/lib/pkgconfig/azure_kinect_ros_driver.pc'
[4.742s] Level 1:colcon.colcon_core.environment:checking '/home/spot/dev/ros2_ws/src/Azure_Kinect_ROS_Driver/install/azure_kinect_ros_driver/lib/python3.8/site-packages'
[4.743s] Level 1:colcon.colcon_core.environment:checking '/home/spot/dev/ros2_ws/src/Azure_Kinect_ROS_Driver/install/azure_kinect_ros_driver/bin'
[4.743s] INFO:colcon.colcon_core.shell:Creating package script '/home/spot/dev/ros2_ws/src/Azure_Kinect_ROS_Driver/install/azure_kinect_ros_driver/share/azure_kinect_ros_driver/package.ps1'
[4.744s] INFO:colcon.colcon_core.shell:Creating package descriptor '/home/spot/dev/ros2_ws/src/Azure_Kinect_ROS_Driver/install/azure_kinect_ros_driver/share/azure_kinect_ros_driver/package.dsv'
[4.744s] INFO:colcon.colcon_core.shell:Creating package script '/home/spot/dev/ros2_ws/src/Azure_Kinect_ROS_Driver/install/azure_kinect_ros_driver/share/azure_kinect_ros_driver/package.sh'
[4.745s] INFO:colcon.colcon_core.shell:Creating package script '/home/spot/dev/ros2_ws/src/Azure_Kinect_ROS_Driver/install/azure_kinect_ros_driver/share/azure_kinect_ros_driver/package.bash'
[4.745s] INFO:colcon.colcon_core.shell:Creating package script '/home/spot/dev/ros2_ws/src/Azure_Kinect_ROS_Driver/install/azure_kinect_ros_driver/share/azure_kinect_ros_driver/package.zsh'
[4.746s] Level 1:colcon.colcon_core.environment:create_file_with_runtime_dependencies(/home/spot/dev/ros2_ws/src/Azure_Kinect_ROS_Driver/install/azure_kinect_ros_driver/share/colcon-core/packages/azure_kinect_ros_driver)
[4.746s] DEBUG:colcon.colcon_parallel_executor.executor.parallel:closing loop
[4.747s] DEBUG:colcon.colcon_parallel_executor.executor.parallel:loop closed
[4.747s] DEBUG:colcon.colcon_parallel_executor.executor.parallel:run_until_complete finished with '0'
[4.747s] DEBUG:colcon.colcon_core.event_reactor:joining thread
[4.754s] INFO:colcon.colcon_core.plugin_system:Skipping extension 'colcon_notification.desktop_notification.terminal_notifier': Not used on non-Darwin systems
[4.754s] INFO:colcon.colcon_core.plugin_system:Skipping extension 'colcon_notification.desktop_notification.win32': Not used on non-Windows systems
[4.754s] INFO:colcon.colcon_notification.desktop_notification:Sending desktop notification using 'notify2'
[4.772s] DEBUG:colcon.colcon_core.event_reactor:joined thread
[4.772s] INFO:colcon.colcon_core.shell:Creating prefix script '/home/spot/dev/ros2_ws/src/Azure_Kinect_ROS_Driver/install/local_setup.ps1'
[4.774s] INFO:colcon.colcon_core.shell:Creating prefix util module '/home/spot/dev/ros2_ws/src/Azure_Kinect_ROS_Driver/install/_local_setup_util_ps1.py'
[4.775s] INFO:colcon.colcon_core.shell:Creating prefix chain script '/home/spot/dev/ros2_ws/src/Azure_Kinect_ROS_Driver/install/setup.ps1'
[4.776s] INFO:colcon.colcon_core.shell:Creating prefix script '/home/spot/dev/ros2_ws/src/Azure_Kinect_ROS_Driver/install/local_setup.sh'
[4.777s] INFO:colcon.colcon_core.shell:Creating prefix util module '/home/spot/dev/ros2_ws/src/Azure_Kinect_ROS_Driver/install/_local_setup_util_sh.py'
[4.777s] INFO:colcon.colcon_core.shell:Creating prefix chain script '/home/spot/dev/ros2_ws/src/Azure_Kinect_ROS_Driver/install/setup.sh'
[4.778s] INFO:colcon.colcon_core.shell:Creating prefix script '/home/spot/dev/ros2_ws/src/Azure_Kinect_ROS_Driver/install/local_setup.bash'
[4.779s] INFO:colcon.colcon_core.shell:Creating prefix chain script '/home/spot/dev/ros2_ws/src/Azure_Kinect_ROS_Driver/install/setup.bash'
[4.780s] INFO:colcon.colcon_core.shell:Creating prefix script '/home/spot/dev/ros2_ws/src/Azure_Kinect_ROS_Driver/install/local_setup.zsh'
[4.780s] INFO:colcon.colcon_core.shell:Creating prefix chain script '/home/spot/dev/ros2_ws/src/Azure_Kinect_ROS_Driver/install/setup.zsh'
