[0.005s] Invoking command in '/home/spot/dev/ros2_ws/src/Azure_Kinect_ROS_Driver/build/azure_kinect_ros_driver': CMAKE_PREFIX_PATH=${CMAKE_PREFIX_PATH}:/opt/ros/foxy /usr/bin/cmake /home/spot/dev/ros2_ws/src/Azure_Kinect_ROS_Driver -DCMAKE_INSTALL_PREFIX=/home/spot/dev/ros2_ws/src/Azure_Kinect_ROS_Driver/install/azure_kinect_ros_driver
[0.032s] -- The C compiler identification is GNU 9.4.0
[0.081s] -- The CXX compiler identification is GNU 9.4.0
[0.083s] -- Check for working C compiler: /usr/bin/cc
[0.150s] -- Check for working C compiler: /usr/bin/cc -- works
[0.151s] -- Detecting C compiler ABI info
[0.224s] -- Detecting C compiler ABI info - done
[0.230s] -- Detecting C compile features
[0.230s] -- Detecting C compile features - done
[0.231s] -- Check for working CXX compiler: /usr/bin/c++
[0.303s] -- Check for working CXX compiler: /usr/bin/c++ -- works
[0.304s] -- Detecting CXX compiler ABI info
[0.366s] -- Detecting CXX compiler ABI info - done
[0.375s] -- Detecting CXX compile features
[0.375s] -- Detecting CXX compile features - done
[0.376s] -- Found ament_cmake: 0.9.12 (/opt/ros/foxy/share/ament_cmake/cmake)
[0.388s] -- Found PythonInterp: /usr/bin/python3 (found suitable version "3.8.10", minimum required is "3") 
[0.388s] -- Using PYTHON_EXECUTABLE: /usr/bin/python3
[0.470s] -- Found rclcpp: 2.4.3 (/opt/ros/foxy/share/rclcpp/cmake)
[0.490s] -- Using all available rosidl_typesupport_c: rosidl_typesupport_fastrtps_c;rosidl_typesupport_introspection_c
[0.493s] -- Found rosidl_adapter: 1.3.1 (/opt/ros/foxy/share/rosidl_adapter/cmake)
[0.526s] -- Found OpenSSL: /usr/lib/x86_64-linux-gnu/libcrypto.so (found version "1.1.1f")  
[0.542s] -- Found FastRTPS: /opt/ros/foxy/include  
[0.577s] -- Using all available rosidl_typesupport_cpp: rosidl_typesupport_fastrtps_cpp;rosidl_typesupport_introspection_cpp
[0.603s] -- Found rmw_implementation_cmake: 1.0.4 (/opt/ros/foxy/share/rmw_implementation_cmake/cmake)
[0.604s] -- Using RMW implementation 'rmw_fastrtps_cpp' as default
[0.605s] -- Looking for pthread.h
[0.640s] -- Looking for pthread.h - found
[0.640s] -- Performing Test CMAKE_HAVE_LIBC_PTHREAD
[0.687s] -- Performing Test CMAKE_HAVE_LIBC_PTHREAD - Failed
[0.688s] -- Looking for pthread_create in pthreads
[0.749s] -- Looking for pthread_create in pthreads - not found
[0.750s] -- Looking for pthread_create in pthread
[0.824s] -- Looking for pthread_create in pthread - found
[0.825s] -- Found Threads: TRUE  
[0.901s] -- Found sensor_msgs: 2.0.5 (/opt/ros/foxy/share/sensor_msgs/cmake)
[0.957s] -- Found visualization_msgs: 2.0.5 (/opt/ros/foxy/share/visualization_msgs/cmake)
[0.992s] -- Found image_transport: 2.4.0 (/opt/ros/foxy/share/image_transport/cmake)
[1.015s] -- Found tf2: 0.13.14 (/opt/ros/foxy/share/tf2/cmake)
[1.019s] -- Found tf2_ros: 0.13.14 (/opt/ros/foxy/share/tf2_ros/cmake)
[1.175s] -- Found tf2_geometry_msgs: 0.13.14 (/opt/ros/foxy/share/tf2_geometry_msgs/cmake)
[1.179s] -- Found eigen3_cmake_module: 0.1.1 (/opt/ros/foxy/share/eigen3_cmake_module/cmake)
[1.180s] -- Found Eigen3: TRUE (found version "3.3.7") 
[1.193s] -- Found cv_bridge: 3.0.7 (/opt/ros/foxy/share/cv_bridge/cmake)
[1.215s] Finding K4A SDK binaries
[1.219s] -- Body Tracking SDK found: compiling support for Body Tracking
[1.219s] K4A Libs: k4a::k4a;k4a::k4arecord;k4abt::k4abt
[1.219s] K4A DLLs: /usr/lib/x86_64-linux-gnu/libk4a.so.1.4.1;/usr/lib/x86_64-linux-gnu/libk4arecord.so.1.4.1;/usr/lib/libk4abt.so.1.1.2
[1.220s] K4A Install Needed: FALSE
[1.248s] -- Configuring done
[1.259s] -- Generating done
[1.260s] -- Build files have been written to: /home/spot/dev/ros2_ws/src/Azure_Kinect_ROS_Driver/build/azure_kinect_ros_driver
[1.265s] Invoked command in '/home/spot/dev/ros2_ws/src/Azure_Kinect_ROS_Driver/build/azure_kinect_ros_driver' returned '0': CMAKE_PREFIX_PATH=${CMAKE_PREFIX_PATH}:/opt/ros/foxy /usr/bin/cmake /home/spot/dev/ros2_ws/src/Azure_Kinect_ROS_Driver -DCMAKE_INSTALL_PREFIX=/home/spot/dev/ros2_ws/src/Azure_Kinect_ROS_Driver/install/azure_kinect_ros_driver
[1.266s] Invoking command in '/home/spot/dev/ros2_ws/src/Azure_Kinect_ROS_Driver/build/azure_kinect_ros_driver': CMAKE_PREFIX_PATH=${CMAKE_PREFIX_PATH}:/opt/ros/foxy /usr/bin/cmake --build /home/spot/dev/ros2_ws/src/Azure_Kinect_ROS_Driver/build/azure_kinect_ros_driver -- -j24 -l24
[1.292s] [35m[1mScanning dependencies of target azure_kinect_ros_driver_node[0m
[1.326s] [ 20%] [32mBuilding CXX object CMakeFiles/azure_kinect_ros_driver_node.dir/src/k4a_ros_bridge_node.cpp.o[0m
[1.327s] [ 40%] [32mBuilding CXX object CMakeFiles/azure_kinect_ros_driver_node.dir/src/k4a_ros_device.cpp.o[0m
[1.327s] [ 60%] [32mBuilding CXX object CMakeFiles/azure_kinect_ros_driver_node.dir/src/k4a_ros_device_params.cpp.o[0m
[1.327s] [ 80%] [32mBuilding CXX object CMakeFiles/azure_kinect_ros_driver_node.dir/src/k4a_calibration_transform_data.cpp.o[0m
[2.162s] [01m[K/home/spot/dev/ros2_ws/src/Azure_Kinect_ROS_Driver/src/k4a_ros_device.cpp:[m[K In constructor ‘[01m[KK4AROSDevice::K4AROSDevice()[m[K’:
[2.162s] [01m[K/home/spot/dev/ros2_ws/src/Azure_Kinect_ROS_Driver/src/k4a_ros_device.cpp:197:14:[m[K [01;35m[Kwarning: [m[Kcatching polymorphic type ‘[01m[Kclass std::exception[m[K’ by value [[01;35m[K-Wcatch-value=[m[K]
[2.162s]   197 |       catch ([01;35m[Kexception[m[K)
[2.162s]       |              [01;35m[K^~~~~~~~~[m[K
[2.202s] [01m[K/home/spot/dev/ros2_ws/src/Azure_Kinect_ROS_Driver/src/k4a_ros_device.cpp:[m[K In member function ‘[01m[Kvoid K4AROSDevice::framePublisherThread()[m[K’:
[2.202s] [01m[K/home/spot/dev/ros2_ws/src/Azure_Kinect_ROS_Driver/src/k4a_ros_device.cpp:873:21:[m[K [01;35m[Kwarning: [m[Kunused variable ‘[01m[Kwait_result[m[K’ [[01;35m[K-Wunused-variable[m[K]
[2.202s]   873 |   k4a_wait_result_t [01;35m[Kwait_result[m[K;
[2.202s]       |                     [01;35m[K^~~~~~~~~~~[m[K
[2.213s] [01m[K/home/spot/dev/ros2_ws/src/Azure_Kinect_ROS_Driver/src/k4a_ros_device.cpp:[m[K In member function ‘[01m[Kvoid K4AROSDevice::imuPublisherThread()[m[K’:
[2.213s] [01m[K/home/spot/dev/ros2_ws/src/Azure_Kinect_ROS_Driver/src/k4a_ros_device.cpp:1388:34:[m[K [01;35m[Kwarning: [m[Kcomparison of integer expressions of different signedness: ‘[01m[Kstd::__atomic_base<long unsigned int>::__int_type[m[K’ {aka ‘[01m[Klong unsigned int[m[K’} and ‘[01m[Kstd::__atomic_base<long int>::__int_type[m[K’ {aka ‘[01m[Klong int[m[K’} [[01;35m[K-Wsign-compare[m[K]
[2.213s]  1388 |       while ([01;35m[Klast_imu_time_usec_ <= last_capture_time_usec_[m[K && !imu_stream_end_of_file_)
[2.213s]       |              [01;35m[K~~~~~~~~~~~~~~~~~~~~^~~~~~~~~~~~~~~~~~~~~~~~~~[m[K
[4.182s] [100%] [32m[1mLinking CXX executable node[0m
[4.482s] [100%] Built target azure_kinect_ros_driver_node
[4.487s] Invoked command in '/home/spot/dev/ros2_ws/src/Azure_Kinect_ROS_Driver/build/azure_kinect_ros_driver' returned '0': CMAKE_PREFIX_PATH=${CMAKE_PREFIX_PATH}:/opt/ros/foxy /usr/bin/cmake --build /home/spot/dev/ros2_ws/src/Azure_Kinect_ROS_Driver/build/azure_kinect_ros_driver -- -j24 -l24
[4.508s] Invoking command in '/home/spot/dev/ros2_ws/src/Azure_Kinect_ROS_Driver/build/azure_kinect_ros_driver': CMAKE_PREFIX_PATH=${CMAKE_PREFIX_PATH}:/opt/ros/foxy /usr/bin/cmake --install /home/spot/dev/ros2_ws/src/Azure_Kinect_ROS_Driver/build/azure_kinect_ros_driver
[4.512s] -- Install configuration: ""
[4.512s] -- Installing: /home/spot/dev/ros2_ws/src/Azure_Kinect_ROS_Driver/install/azure_kinect_ros_driver/lib/azure_kinect_ros_driver/node
[4.514s] -- Set runtime path of "/home/spot/dev/ros2_ws/src/Azure_Kinect_ROS_Driver/install/azure_kinect_ros_driver/lib/azure_kinect_ros_driver/node" to ""
[4.514s] -- Installing: /home/spot/dev/ros2_ws/src/Azure_Kinect_ROS_Driver/install/azure_kinect_ros_driver/share/azure_kinect_ros_driver//launch
[4.514s] -- Installing: /home/spot/dev/ros2_ws/src/Azure_Kinect_ROS_Driver/install/azure_kinect_ros_driver/share/azure_kinect_ros_driver//launch/rectify_test.launch
[4.514s] -- Installing: /home/spot/dev/ros2_ws/src/Azure_Kinect_ROS_Driver/install/azure_kinect_ros_driver/share/azure_kinect_ros_driver//launch/driver.launch.py
[4.514s] -- Installing: /home/spot/dev/ros2_ws/src/Azure_Kinect_ROS_Driver/install/azure_kinect_ros_driver/share/azure_kinect_ros_driver//launch/driver.launch_irg.py
[4.514s] -- Installing: /home/spot/dev/ros2_ws/src/Azure_Kinect_ROS_Driver/install/azure_kinect_ros_driver/share/azure_kinect_ros_driver//launch/slam_rtabmap.launch
[4.514s] -- Installing: /home/spot/dev/ros2_ws/src/Azure_Kinect_ROS_Driver/install/azure_kinect_ros_driver/share/azure_kinect_ros_driver//urdf
[4.514s] -- Installing: /home/spot/dev/ros2_ws/src/Azure_Kinect_ROS_Driver/install/azure_kinect_ros_driver/share/azure_kinect_ros_driver//urdf/azure_kinect.urdf.xacro
[4.514s] -- Installing: /home/spot/dev/ros2_ws/src/Azure_Kinect_ROS_Driver/install/azure_kinect_ros_driver/share/ament_index/resource_index/package_run_dependencies/azure_kinect_ros_driver
[4.514s] -- Installing: /home/spot/dev/ros2_ws/src/Azure_Kinect_ROS_Driver/install/azure_kinect_ros_driver/share/ament_index/resource_index/parent_prefix_path/azure_kinect_ros_driver
[4.514s] -- Installing: /home/spot/dev/ros2_ws/src/Azure_Kinect_ROS_Driver/install/azure_kinect_ros_driver/share/azure_kinect_ros_driver/environment/ament_prefix_path.sh
[4.515s] -- Installing: /home/spot/dev/ros2_ws/src/Azure_Kinect_ROS_Driver/install/azure_kinect_ros_driver/share/azure_kinect_ros_driver/environment/ament_prefix_path.dsv
[4.515s] -- Installing: /home/spot/dev/ros2_ws/src/Azure_Kinect_ROS_Driver/install/azure_kinect_ros_driver/share/azure_kinect_ros_driver/environment/path.sh
[4.515s] -- Installing: /home/spot/dev/ros2_ws/src/Azure_Kinect_ROS_Driver/install/azure_kinect_ros_driver/share/azure_kinect_ros_driver/environment/path.dsv
[4.515s] -- Installing: /home/spot/dev/ros2_ws/src/Azure_Kinect_ROS_Driver/install/azure_kinect_ros_driver/share/azure_kinect_ros_driver/local_setup.bash
[4.515s] -- Installing: /home/spot/dev/ros2_ws/src/Azure_Kinect_ROS_Driver/install/azure_kinect_ros_driver/share/azure_kinect_ros_driver/local_setup.sh
[4.515s] -- Installing: /home/spot/dev/ros2_ws/src/Azure_Kinect_ROS_Driver/install/azure_kinect_ros_driver/share/azure_kinect_ros_driver/local_setup.zsh
[4.515s] -- Installing: /home/spot/dev/ros2_ws/src/Azure_Kinect_ROS_Driver/install/azure_kinect_ros_driver/share/azure_kinect_ros_driver/local_setup.dsv
[4.515s] -- Installing: /home/spot/dev/ros2_ws/src/Azure_Kinect_ROS_Driver/install/azure_kinect_ros_driver/share/azure_kinect_ros_driver/package.dsv
[4.515s] -- Installing: /home/spot/dev/ros2_ws/src/Azure_Kinect_ROS_Driver/install/azure_kinect_ros_driver/share/ament_index/resource_index/packages/azure_kinect_ros_driver
[4.515s] -- Installing: /home/spot/dev/ros2_ws/src/Azure_Kinect_ROS_Driver/install/azure_kinect_ros_driver/share/azure_kinect_ros_driver/cmake/azure_kinect_ros_driverConfig.cmake
[4.515s] -- Installing: /home/spot/dev/ros2_ws/src/Azure_Kinect_ROS_Driver/install/azure_kinect_ros_driver/share/azure_kinect_ros_driver/cmake/azure_kinect_ros_driverConfig-version.cmake
[4.515s] -- Installing: /home/spot/dev/ros2_ws/src/Azure_Kinect_ROS_Driver/install/azure_kinect_ros_driver/share/azure_kinect_ros_driver/package.xml
[4.516s] Invoked command in '/home/spot/dev/ros2_ws/src/Azure_Kinect_ROS_Driver/build/azure_kinect_ros_driver' returned '0': CMAKE_PREFIX_PATH=${CMAKE_PREFIX_PATH}:/opt/ros/foxy /usr/bin/cmake --install /home/spot/dev/ros2_ws/src/Azure_Kinect_ROS_Driver/build/azure_kinect_ros_driver
